[AD Thread-Metric Reporter0] 28 Apr 2019 07:10:34,333  INFO MetricSender - Sending REST request - URL [/controller/instance/1045584/metricregistration]
<request>
<node-id>130170</node-id>
<agent-type>APP_AGENT</agent-type>
<metric	cluster-rollup-type="INDIVIDUAL"	name="Agent|BCI|Average Time to Create ClassMetaData (ms)"	time-rollup-type="AVERAGE"	hole-fill-type="REGULAR_COUNTER"/>
<metric	cluster-rollup-type="COLLECTIVE"	name="Agent|BCI|Class Loads"	time-rollup-type="AVERAGE"	hole-fill-type="RATE_COUNTER"/>
<metric	cluster-rollup-type="COLLECTIVE"	name="BTM|Application Summary|Number of Slow End to End Messages"	time-rollup-type="SUM"	hole-fill-type="REGULAR_COUNTER"/>
<metric	cluster-rollup-type="COLLECTIVE"	name="BTM|Application Summary|Stall Count"	time-rollup-type="SUM"	hole-fill-type="REGULAR_COUNTER"/>
<metric	cluster-rollup-type="COLLECTIVE"	name="Agent|BCI|Methods Transformed"	time-rollup-type="AVERAGE"	hole-fill-type="RATE_COUNTER"/>
<metric	cluster-rollup-type="INDIVIDUAL"	name="JVM|Memory:Heap|Max Available (MB)"	time-rollup-type="CURRENT"	hole-fill-type="REGULAR_COUNTER"/>
<metric	cluster-rollup-type="COLLECTIVE"	name="Agent|BCI|Bootstrap class lookups"	time-rollup-type="AVERAGE"	hole-fill-type="RATE_COUNTER"/>
<metric	cluster-rollup-type="COLLECTIVE"	name="BTM|Application Summary|Infrastructure Errors per Minute"	time-rollup-type="AVERAGE"	hole-fill-type="RATE_COUNTER"/>
<metric	cluster-rollup-type="INDIVIDUAL"	name="JVM|Memory:Non-Heap|Committed (MB)"	time-rollup-type="CURRENT"	hole-fill-type="REGULAR_COUNTER"/>
<metric	cluster-rollup-type="INDIVIDUAL"	name="JVM|Garbage Collection|Minor Collection Time Spent Per Min (ms)"	time-rollup-type="SUM"	hole-fill-type="REGULAR_COUNTER"/>
<metric	cluster-rollup-type="INDIVIDUAL"	name="JVM|Memory:Heap|Committed (MB)"	time-rollup-type="CURRENT"	hole-fill-type="REGULAR_COUNTER"/>
<metric	cluster-rollup-type="COLLECTIVE"	name="Agent|BCI|Transformation Timeouts"	time-rollup-type="AVERAGE"	hole-fill-type="RATE_COUNTER"/>
<metric	cluster-rollup-type="INDIVIDUAL"	name="JVM|Classes|Total Classes Loaded"	time-rollup-type="CURRENT"	hole-fill-type="REGULAR_COUNTER"/>
<metric	cluster-rollup-type="COLLECTIVE"	name="Agent|BCI|Classes ReTransformed"	time-rollup-type="AVERAGE"	hole-fill-type="RATE_COUNTER"/>
<metric	cluster-rollup-type="INDIVIDUAL"	name="Agent|Agent Channels|App Config Poll"	time-rollup-type="AVERAGE"	hole-fill-type="REGULAR_COUNTER"/>
<metric	cluster-rollup-type="INDIVIDUAL"	name="Agent|BCI|Average Class File Read time(ms)"	time-rollup-type="AVERAGE"	hole-fill-type="REGULAR_COUNTER"/>
<metric	cluster-rollup-type="INDIVIDUAL"	name="Agent|Agent Channels|Metric Reporting"	time-rollup-type="AVERAGE"	hole-fill-type="REGULAR_COUNTER"/>
<metric	cluster-rollup-type="COLLECTIVE"	name="BTM|Application Summary|End to End Messages per Minute"	time-rollup-type="AVERAGE"	hole-fill-type="RATE_COUNTER"/>
<metric	cluster-rollup-type="INDIVIDUAL"	name="Agent|Agent Channels|Agent Registration"	time-rollup-type="AVERAGE"	hole-fill-type="REGULAR_COUNTER"/>
<metric	cluster-rollup-type="INDIVIDUAL"	name="JVM|Classes|Current Loaded Class Count"	time-rollup-type="CURRENT"	hole-fill-type="REGULAR_COUNTER"/>
<metric	cluster-rollup-type="INDIVIDUAL"	name="Agent|Agent Channels|Metric Registration"	time-rollup-type="AVERAGE"	hole-fill-type="REGULAR_COUNTER"/>
<metric	cluster-rollup-type="INDIVIDUAL"	name="JVM|Garbage Collection|Promoted-Objects (MB)"	time-rollup-type="AVERAGE"	hole-fill-type="REGULAR_COUNTER"/>
<metric	cluster-rollup-type="INDIVIDUAL"	name="Agent|BCI|Average ClassMetaData Purge Operation Time (ms)"	time-rollup-type="AVERAGE"	hole-fill-type="REGULAR_COUNTER"/>
<metric	cluster-rollup-type="COLLECTIVE"	name="Agent|BCI|Abandoned BCI operations"	time-rollup-type="AVERAGE"	hole-fill-type="RATE_COUNTER"/>
<metric	cluster-rollup-type="INDIVIDUAL"	name="JVM|Garbage Collection|Number of Minor Collections Per Min"	time-rollup-type="SUM"	hole-fill-type="REGULAR_COUNTER"/>
<metric	cluster-rollup-type="COLLECTIVE"	name="Agent|BCI|ClassMetaData Purge Operations"	time-rollup-type="AVERAGE"	hole-fill-type="RATE_COUNTER"/>
<metric	cluster-rollup-type="INDIVIDUAL"	name="JVM|Garbage Collection|Allocated-Objects (MB)"	time-rollup-type="AVERAGE"	hole-fill-type="NO_ZEROFILL_COUNTER"/>
<metric	cluster-rollup-type="COLLECTIVE"	name="Agent|BCI|Classes Transformed"	time-rollup-type="AVERAGE"	hole-fill-type="RATE_COUNTER"/>
<metric	cluster-rollup-type="INDIVIDUAL"	name="JVM|Process CPU Burnt (ms/min)"	time-rollup-type="CURRENT"	hole-fill-type="REGULAR_COUNTER"/>
<metric	cluster-rollup-type="COLLECTIVE"	name="BTM|Application Summary|Number of Slow Calls"	time-rollup-type="SUM"	hole-fill-type="REGULAR_COUNTER"/>
<metric	cluster-rollup-type="COLLECTIVE"	name="Agent|BCI|Background Transformations"	time-rollup-type="AVERAGE"	hole-fill-type="RATE_COUNTER"/>
<metric	cluster-rollup-type="COLLECTIVE"	name="BTM|Application Summary|Number of Very Slow Calls"	time-rollup-type="SUM"	hole-fill-type="REGULAR_COUNTER"/>
<metric	cluster-rollup-type="INDIVIDUAL"	name="Agent|Agent Channels|BT Registration"	time-rollup-type="AVERAGE"	hole-fill-type="REGULAR_COUNTER"/>
<metric	cluster-rollup-type="INDIVIDUAL"	name="JVM|Memory:Heap|Used %"	time-rollup-type="CURRENT"	hole-fill-type="REGULAR_COUNTER"/>
<metric	cluster-rollup-type="INDIVIDUAL"	name="JVM|Garbage Collection|Freed-Objects (MB)"	time-rollup-type="AVERAGE"	hole-fill-type="REGULAR_COUNTER"/>
<metric	cluster-rollup-type="INDIVIDUAL"	name="JVM|Memory:Non-Heap|Current Usage (MB)"	time-rollup-type="CURRENT"	hole-fill-type="REGULAR_COUNTER"/>
<metric	cluster-rollup-type="COLLECTIVE"	name="Agent|BCI|Bootstrap class load misses"	time-rollup-type="AVERAGE"	hole-fill-type="RATE_COUNTER"/>
<metric	cluster-rollup-type="INDIVIDUAL"	name="JVM|Threads|Current No. of Threads"	time-rollup-type="CURRENT"	hole-fill-type="REGULAR_COUNTER"/>
<metric	cluster-rollup-type="INDIVIDUAL"	name="Agent|BCI|Average Non-Transform Time (ms)"	time-rollup-type="AVERAGE"	hole-fill-type="REGULAR_COUNTER"/>
<metric	cluster-rollup-type="COLLECTIVE"	name="Agent|BCI|Validation Failures"	time-rollup-type="AVERAGE"	hole-fill-type="RATE_COUNTER"/>
<metric	cluster-rollup-type="INDIVIDUAL"	name="JVM|Memory:Heap|Current Usage (MB)"	time-rollup-type="CURRENT"	hole-fill-type="REGULAR_COUNTER"/>
<metric	cluster-rollup-type="INDIVIDUAL"	name="JVM|Garbage Collection|Major Collection Time Spent Per Min (ms)"	time-rollup-type="SUM"	hole-fill-type="REGULAR_COUNTER"/>
<metric	cluster-rollup-type="COLLECTIVE"	name="Agent|BCI|Bootstrap class refreshes"	time-rollup-type="AVERAGE"	hole-fill-type="RATE_COUNTER"/>
<metric	cluster-rollup-type="INDIVIDUAL"	name="Agent|BCI|Average Transform Time (ms)"	time-rollup-type="AVERAGE"	hole-fill-type="REGULAR_COUNTER"/>
<metric	cluster-rollup-type="INDIVIDUAL"	name="BTM|Application Summary|Average End to End Latency (ms)"	time-rollup-type="AVERAGE"	hole-fill-type="REGULAR_COUNTER"/>
<metric	cluster-rollup-type="INDIVIDUAL"	name="BTM|Application Summary|Normal Average Response Time (ms)"	time-rollup-type="AVERAGE"	hole-fill-type="REGULAR_COUNTER"/>
<metric	cluster-rollup-type="COLLECTIVE"	name="BTM|Application Summary|Errors per Minute"	time-rollup-type="AVERAGE"	hole-fill-type="RATE_COUNTER"/>
<metric	cluster-rollup-type="INDIVIDUAL"	name="JVM|Garbage Collection|GC Time Spent Per Min (ms)"	time-rollup-type="SUM"	hole-fill-type="REGULAR_COUNTER"/>
<metric	cluster-rollup-type="COLLECTIVE"	name="BTM|Application Summary|Calls per Minute"	time-rollup-type="AVERAGE"	hole-fill-type="RATE_COUNTER"/>
<metric	cluster-rollup-type="COLLECTIVE"	name="Agent|BCI|ClassMetaData Objects created"	time-rollup-type="AVERAGE"	hole-fill-type="RATE_COUNTER"/>
<metric	cluster-rollup-type="INDIVIDUAL"	name="BTM|Application Summary|Average Response Time (ms)"	time-rollup-type="AVERAGE"	hole-fill-type="REGULAR_COUNTER"/>
<metric	cluster-rollup-type="COLLECTIVE"	name="Agent|BCI|Class File Reads for MetaData"	time-rollup-type="AVERAGE"	hole-fill-type="RATE_COUNTER"/>
<metric	cluster-rollup-type="INDIVIDUAL"	name="JVM|Garbage Collection|Number of Major Collections Per Min"	time-rollup-type="SUM"	hole-fill-type="REGULAR_COUNTER"/>
<metric	cluster-rollup-type="COLLECTIVE"	name="Agent|BCI|Failed ReTransform Requests"	time-rollup-type="AVERAGE"	hole-fill-type="RATE_COUNTER"/>
<metric	cluster-rollup-type="INDIVIDUAL"	name="JVM|Garbage Collection|LiveData (MB)"	time-rollup-type="AVERAGE"	hole-fill-type="NO_ZEROFILL_COUNTER"/>
<metric	cluster-rollup-type="INDIVIDUAL"	name="Agent|BCI|Average Background Transform Time (ms)"	time-rollup-type="AVERAGE"	hole-fill-type="REGULAR_COUNTER"/>
<metric	cluster-rollup-type="COLLECTIVE"	name="Agent|BCI|Bootstrap class loads"	time-rollup-type="AVERAGE"	hole-fill-type="RATE_COUNTER"/>
<metric	cluster-rollup-type="INDIVIDUAL"	name="JVM|Process CPU Usage %"	time-rollup-type="AVERAGE"	hole-fill-type="REGULAR_COUNTER"/>
<account-key>****</account-key>
</request>

[AD Thread-Metric Reporter0] 28 Apr 2019 07:10:36,044  INFO MetricSender - REST Response Received - URL [/controller/instance/1045584/metricregistration]
<request>
<metric	name="BTM|Application Summary|End to End Messages per Minute"	id="11706050"/>
<metric	name="JVM|Garbage Collection|Major Collection Time Spent Per Min (ms)"	id="11705953"/>
<metric	name="JVM|Memory:Heap|Committed (MB)"	id="11705954"/>
<metric	name="Agent|Agent Channels|BT Registration"	id="11706022"/>
<metric	name="Agent|BCI|Average Class File Read time(ms)"	id="11706027"/>
<metric	name="BTM|Application Summary|Stall Count"	id="11706057"/>
<metric	name="Agent|BCI|Bootstrap class loads"	id="11706034"/>
<metric	name="BTM|Application Summary|Average Response Time (ms)"	id="11706048"/>
<metric	name="Agent|BCI|Validation Failures"	id="11706046"/>
<metric	name="Agent|BCI|Average Background Transform Time (ms)"	id="11706026"/>
<metric	name="Agent|BCI|Abandoned BCI operations"	id="11706025"/>
<metric	name="JVM|Garbage Collection|Number of Major Collections Per Min"	id="11705966"/>
<metric	name="Agent|Agent Channels|Agent Registration"	id="11706020"/>
<metric	name="Agent|BCI|Average Transform Time (ms)"	id="11706031"/>
<metric	name="JVM|Classes|Total Classes Loaded"	id="11705971"/>
<metric	name="JVM|Garbage Collection|GC Time Spent Per Min (ms)"	id="11705973"/>
<metric	name="BTM|Application Summary|Errors per Minute"	id="11706051"/>
<metric	name="Agent|BCI|Average Time to Create ClassMetaData (ms)"	id="11706030"/>
<metric	name="Agent|Agent Channels|Metric Reporting"	id="11706024"/>
<metric	name="BTM|Application Summary|Number of Slow Calls"	id="11706054"/>
<metric	name="JVM|Memory:Non-Heap|Committed (MB)"	id="11705956"/>
<metric	name="Agent|BCI|ClassMetaData Objects created"	id="11706039"/>
<metric	name="Agent|BCI|Class Loads"	id="11706038"/>
<metric	name="JVM|Garbage Collection|Allocated-Objects (MB)"	id="11705961"/>
<metric	name="BTM|Application Summary|Normal Average Response Time (ms)"	id="11706053"/>
<metric	name="JVM|Process CPU Burnt (ms/min)"	id="11705963"/>
<metric	name="JVM|Memory:Heap|Used %"	id="11705964"/>
<metric	name="Agent|BCI|Bootstrap class refreshes"	id="11706036"/>
<metric	name="Agent|BCI|Class File Reads for MetaData"	id="11706037"/>
<metric	name="JVM|Memory:Heap|Max Available (MB)"	id="11705968"/>
<metric	name="Agent|BCI|Methods Transformed"	id="11706044"/>
<metric	name="JVM|Threads|Current No. of Threads"	id="11705974"/>
<metric	name="BTM|Application Summary|Infrastructure Errors per Minute"	id="11706052"/>
<metric	name="Agent|BCI|Bootstrap class load misses"	id="11706033"/>
<metric	name="Agent|Agent Channels|Metric Registration"	id="11706023"/>
<metric	name="JVM|Memory:Non-Heap|Current Usage (MB)"	id="11705955"/>
<metric	name="Agent|BCI|Average Non-Transform Time (ms)"	id="11706029"/>
<metric	name="JVM|Garbage Collection|Freed-Objects (MB)"	id="11705958"/>
<metric	name="Agent|BCI|Failed ReTransform Requests"	id="11706043"/>
<metric	name="JVM|Garbage Collection|Minor Collection Time Spent Per Min (ms)"	id="11705960"/>
<metric	name="JVM|Classes|Current Loaded Class Count"	id="11705965"/>
<metric	name="BTM|Application Summary|Calls per Minute"	id="11706049"/>
<metric	name="JVM|Garbage Collection|Number of Minor Collections Per Min"	id="11705967"/>
<metric	name="Agent|Agent Channels|App Config Poll"	id="11706021"/>
<metric	name="BTM|Application Summary|Number of Very Slow Calls"	id="11706056"/>
<metric	name="Agent|BCI|Transformation Timeouts"	id="11706045"/>
<metric	name="JVM|Garbage Collection|Promoted-Objects (MB)"	id="11705952"/>
<metric	name="BTM|Application Summary|Average End to End Latency (ms)"	id="11706047"/>
<metric	name="Agent|BCI|ClassMetaData Purge Operations"	id="11706040"/>
<metric	name="JVM|Garbage Collection|LiveData (MB)"	id="11705957"/>
<metric	name="BTM|Application Summary|Number of Slow End to End Messages"	id="11706055"/>
<metric	name="JVM|Process CPU Usage %"	id="11705962"/>
<metric	name="Agent|BCI|Classes ReTransformed"	id="11706041"/>
<metric	name="Agent|BCI|Classes Transformed"	id="11706042"/>
<metric	name="Agent|BCI|Average ClassMetaData Purge Operation Time (ms)"	id="11706028"/>
<metric	name="Agent|BCI|Bootstrap class lookups"	id="11706035"/>
<metric	name="JVM|Memory:Heap|Current Usage (MB)"	id="11705969"/>
<metric	name="Agent|BCI|Background Transformations"	id="11706032"/>
</request>

[AD Thread Pool-Global1] 28 Apr 2019 07:11:14,802  INFO BTRegistrationChannel - REST - Setting BTs to register : [BusinessTransaction{id=0, name=null, entryPointType=SERVLET, entryPointTypeString=SERVLET, internalName=/, componentId=63100 ,applicationId=0, applicationComponentName=null, matchCriteria=MatchCriteria{matchRule=null, namingConfig=DiscoveryNamingConfig{namingSchemeType='uri', properties=[Name:uri-length, Value:first-n-segments, Name:segment-length, Value:2]}}, createdOn=null, background=false, analyticsDataCollectionEnabled=false, configuration=null, createdNodeId=0, enabledForEUM=false, eumAutoEnablePossible=null}]
[AD Thread Pool-Global1] 28 Apr 2019 07:11:14,802  INFO BTRegistrationChannel - REST - Sending Binary request - URL [/controller/instance/1045584/btregistration] 
********BT Registration Data********
<business-transactions>
Size : 1
<BusinessTransaction{id=0, name=null, entryPointType=SERVLET, entryPointTypeString=SERVLET, internalName=/, componentId=63100 ,applicationId=0, applicationComponentName=null, matchCriteria=MatchCriteria{matchRule=null, namingConfig=DiscoveryNamingConfig{namingSchemeType='uri', properties=[Name:uri-length, Value:first-n-segments, Name:segment-length, Value:2]}}, createdOn=null, background=false, analyticsDataCollectionEnabled=false, configuration=null, createdNodeId=0, enabledForEUM=false, eumAutoEnablePossible=null}>
</business-transactions>
<node-id>
130170
</node-id>
<account-key>
****
</account-key>

[AD Thread Pool-Global1] 28 Apr 2019 07:11:14,807  INFO BTRegistrationChannel - REST
Sending Binary payload Size : 2620 bytes
[AD Thread Pool-Global0] 28 Apr 2019 07:11:14,963  INFO ServiceEndPointADDRegistrar - REST - Sending Binary request - URL [/controller/instance/1045584/btregistration] 
********BT Registration Data********
<node-id>
130170
</node-id>
<account-key>
****
</account-key>
<application-diagnostic-data>
Size : 2
<ApplicationDiagnosticData{key='/_SERVLET', name=/, diagnosticType=SERVICE_ENDPOINT, configEntities=null, summary='/'}>
<ApplicationDiagnosticData{key='com.example.demo.DemoController.index_WEB_SERVICE', name=com.example.demo.DemoController.index, diagnosticType=SERVICE_ENDPOINT, configEntities=null, summary='com.example.demo.DemoController.index'}>
</application-diagnostic-data>

[AD Thread Pool-Global1] 28 Apr 2019 07:11:15,097  INFO BTRegistrationChannel - REST - Reading Binary response - URL [null] - Size [3459]
********BT Registration Data********
<business-transactions>
Size : 1
<BusinessTransaction{id=154927, name=/, entryPointType=SERVLET, entryPointTypeString=SERVLET, internalName=/, componentId=63100 ,applicationId=46990, applicationComponentName=null, matchCriteria=MatchCriteria{matchRule=null, namingConfig=DiscoveryNamingConfig{namingSchemeType='uri', properties=[Name:uri-length, Value:first-n-segments, Name:segment-length, Value:2]}}, createdOn=null, background=false, analyticsDataCollectionEnabled=false, configuration=null, createdNodeId=130170, enabledForEUM=false, eumAutoEnablePossible=null}>
</business-transactions>
<invalid-backends>
Size : 0
</invalid-backends>
<unregistered-transactions>
Size : 0
</unregistered-transactions>
<resolved-backend-calls>
Size : 0
</resolved-backend-calls>
<STATUS>
Success
</STATUS>
<registered-backends>
Size : 0
</registered-backends>
<Status Message>
Successfully registered business transactions
</Status Message>
<invalid-business-transactions>
Size : 0
</invalid-business-transactions>
<application-diagnostic-data>
Size : 0
</application-diagnostic-data>
<unregistered-backends>
Size : 0
</unregistered-backends>

[AD Thread Pool-Global0] 28 Apr 2019 07:11:15,467  INFO ServiceEndPointADDRegistrar - REST
Sending Binary payload Size : 1688 bytes
[AD Thread Pool-Global0] 28 Apr 2019 07:11:15,743  INFO ServiceEndPointADDRegistrar - REST - Reading Binary response - URL [null] - Size [1004]
********BT Registration Data********
<business-transactions>
Size : 0
</business-transactions>
<invalid-backends>
Size : 0
</invalid-backends>
<unregistered-transactions>
Size : 0
</unregistered-transactions>
<resolved-backend-calls>
Size : 0
</resolved-backend-calls>
<STATUS>
Success
</STATUS>
<registered-backends>
Size : 0
</registered-backends>
<Status Message>
No transactions sent by agent to register
</Status Message>
<invalid-business-transactions>
Size : 0
</invalid-business-transactions>
<application-diagnostic-data>
Size : 1
<SERVICE_ENDPOINT>::<{/_SERVLET=209844, com.example.demo.DemoController.index_WEB_SERVICE=209845}>
</application-diagnostic-data>
<unregistered-backends>
Size : 0
</unregistered-backends>

[AD Thread Pool-Global1] 28 Apr 2019 07:11:25,747  INFO ServiceEndPointADDRegistrar - REST - Sending Binary request - URL [/controller/instance/1045584/btregistration] 
********BT Registration Data********
<node-id>
130170
</node-id>
<account-key>
****
</account-key>
<application-diagnostic-data>
Size : 2
<ApplicationDiagnosticData{key='/_SERVLET', name=/, diagnosticType=SERVICE_ENDPOINT, configEntities=null, summary='/'}>
<ApplicationDiagnosticData{key='com.example.demo.DemoController.index_WEB_SERVICE', name=com.example.demo.DemoController.index, diagnosticType=SERVICE_ENDPOINT, configEntities=null, summary='com.example.demo.DemoController.index'}>
</application-diagnostic-data>

[AD Thread Pool-Global1] 28 Apr 2019 07:11:25,759  INFO ServiceEndPointADDRegistrar - REST
Sending Binary payload Size : 1688 bytes
[AD Thread Pool-Global1] 28 Apr 2019 07:11:26,016  INFO ServiceEndPointADDRegistrar - REST - Reading Binary response - URL [null] - Size [1117]
********BT Registration Data********
<business-transactions>
Size : 0
</business-transactions>
<invalid-backends>
Size : 0
</invalid-backends>
<unregistered-transactions>
Size : 0
</unregistered-transactions>
<resolved-backend-calls>
Size : 0
</resolved-backend-calls>
<STATUS>
Success
</STATUS>
<registered-backends>
Size : 0
</registered-backends>
<Status Message>
No transactions sent by agent to register
</Status Message>
<invalid-business-transactions>
Size : 0
</invalid-business-transactions>
<application-diagnostic-data>
Size : 1
<SERVICE_ENDPOINT>::<{/_SERVLET=209844, com.example.demo.DemoController.index_WEB_SERVICE=209845}>
</application-diagnostic-data>
<unregistered-backends>
Size : 0
</unregistered-backends>

[AD Thread-Metric Reporter0] 28 Apr 2019 07:12:04,332  INFO MetricSender - Sending REST request - URL [/controller/instance/1045584/metricregistration]
<request>
<node-id>130170</node-id>
<agent-type>APP_AGENT</agent-type>
<metric	cluster-rollup-type="INDIVIDUAL"	name="JVM|Garbage Collection|Memory Pools:Metaspace|Current Usage (MB)"	time-rollup-type="CURRENT"	hole-fill-type="REGULAR_COUNTER"/>
<metric	cluster-rollup-type="INDIVIDUAL"	name="JVM|Garbage Collection|Memory Pools:PS Eden Space|Current Usage (MB)"	time-rollup-type="CURRENT"	hole-fill-type="REGULAR_COUNTER"/>
<metric	cluster-rollup-type="COLLECTIVE"	name="BTM|Application Summary|Component:63100|Stall Count"	time-rollup-type="SUM"	hole-fill-type="REGULAR_COUNTER"/>
<metric	cluster-rollup-type="COLLECTIVE"	name="BTM|Application Summary|Component:63100|Errors per Minute"	time-rollup-type="AVERAGE"	hole-fill-type="RATE_COUNTER"/>
<metric	cluster-rollup-type="INDIVIDUAL"	name="BTM|Application Summary|Component:63100|Average Response Time (ms)"	time-rollup-type="AVERAGE"	hole-fill-type="REGULAR_COUNTER"/>
<metric	cluster-rollup-type="INDIVIDUAL"	name="JVM|Garbage Collection|Memory Pools:Compressed Class Space|Max Available (MB)"	time-rollup-type="CURRENT"	hole-fill-type="REGULAR_COUNTER"/>
<metric	cluster-rollup-type="INDIVIDUAL"	name="JVM|Garbage Collection|Memory Pools:Compressed Class Space|Committed (MB)"	time-rollup-type="CURRENT"	hole-fill-type="REGULAR_COUNTER"/>
<metric	cluster-rollup-type="INDIVIDUAL"	name="JVM|Garbage Collection|Memory Pools:PS Old Gen|Committed (MB)"	time-rollup-type="CURRENT"	hole-fill-type="REGULAR_COUNTER"/>
<metric	cluster-rollup-type="COLLECTIVE"	name="BTM|Application Summary|Component:63100|Number of Very Slow Calls"	time-rollup-type="SUM"	hole-fill-type="REGULAR_COUNTER"/>
<metric	cluster-rollup-type="COLLECTIVE"	name="BTM|BTs|BT:154927|Component:63100|Number of Very Slow Calls"	time-rollup-type="SUM"	hole-fill-type="REGULAR_COUNTER"/>
<metric	cluster-rollup-type="INDIVIDUAL"	name="JVM|Garbage Collection|Memory Pools:PS Survivor Space|Current Usage (MB)"	time-rollup-type="CURRENT"	hole-fill-type="REGULAR_COUNTER"/>
<metric	cluster-rollup-type="INDIVIDUAL"	name="JVM|Garbage Collection|Memory Pools:PS Eden Space|Committed (MB)"	time-rollup-type="CURRENT"	hole-fill-type="REGULAR_COUNTER"/>
<metric	cluster-rollup-type="COLLECTIVE"	name="BTM|BTs|BT:154927|Component:63100|Errors per Minute"	time-rollup-type="AVERAGE"	hole-fill-type="RATE_COUNTER"/>
<metric	cluster-rollup-type="INDIVIDUAL"	name="JVM|Garbage Collection|Memory Pools:Code Cache|Committed (MB)"	time-rollup-type="CURRENT"	hole-fill-type="REGULAR_COUNTER"/>
<metric	cluster-rollup-type="COLLECTIVE"	name="BTM|Application Summary|Component:63100|Infrastructure Errors per Minute"	time-rollup-type="AVERAGE"	hole-fill-type="RATE_COUNTER"/>
<metric	cluster-rollup-type="INDIVIDUAL"	name="JVM|Garbage Collection|Memory Pools:PS Survivor Space|Max Available (MB)"	time-rollup-type="CURRENT"	hole-fill-type="REGULAR_COUNTER"/>
<metric	cluster-rollup-type="COLLECTIVE"	name="BTM|Application Summary|Component:63100|Number of Slow Calls"	time-rollup-type="SUM"	hole-fill-type="REGULAR_COUNTER"/>
<metric	cluster-rollup-type="COLLECTIVE"	name="BTM|BTs|BT:154927|Component:63100|Number of Slow Calls"	time-rollup-type="SUM"	hole-fill-type="REGULAR_COUNTER"/>
<metric	cluster-rollup-type="INDIVIDUAL"	name="BTM|BTs|BT:154927|Component:63100|Normal Average Response Time (ms)"	time-rollup-type="AVERAGE"	hole-fill-type="REGULAR_COUNTER"/>
<metric	cluster-rollup-type="INDIVIDUAL"	name="JVM|Garbage Collection|Memory Pools:Metaspace|Committed (MB)"	time-rollup-type="CURRENT"	hole-fill-type="REGULAR_COUNTER"/>
<metric	cluster-rollup-type="INDIVIDUAL"	name="BTM|BTs|BT:154927|Component:63100|Average Response Time (ms)"	time-rollup-type="AVERAGE"	hole-fill-type="REGULAR_COUNTER"/>
<metric	cluster-rollup-type="INDIVIDUAL"	name="JVM|Garbage Collection|Memory Pools:PS Survivor Space|Committed (MB)"	time-rollup-type="CURRENT"	hole-fill-type="REGULAR_COUNTER"/>
<metric	cluster-rollup-type="COLLECTIVE"	name="BTM|BTs|BT:154927|Component:63100|Calls per Minute"	time-rollup-type="AVERAGE"	hole-fill-type="RATE_COUNTER"/>
<metric	cluster-rollup-type="COLLECTIVE"	name="BTM|Application Diagnostic Data|SEP:209844|Errors per Minute"	time-rollup-type="AVERAGE"	hole-fill-type="RATE_COUNTER"/>
<metric	cluster-rollup-type="INDIVIDUAL"	name="BTM|Application Diagnostic Data|SEP:209844|Average Response Time (ms)"	time-rollup-type="AVERAGE"	hole-fill-type="REGULAR_COUNTER"/>
<metric	cluster-rollup-type="COLLECTIVE"	name="BTM|BTs|BT:154927|Component:63100|Stall Count"	time-rollup-type="SUM"	hole-fill-type="REGULAR_COUNTER"/>
<metric	cluster-rollup-type="COLLECTIVE"	name="BTM|Application Diagnostic Data|SEP:209844|Calls per Minute"	time-rollup-type="AVERAGE"	hole-fill-type="RATE_COUNTER"/>
<metric	cluster-rollup-type="COLLECTIVE"	name="BTM|Application Summary|Component:63100|Calls per Minute"	time-rollup-type="AVERAGE"	hole-fill-type="RATE_COUNTER"/>
<metric	cluster-rollup-type="INDIVIDUAL"	name="JVM|Garbage Collection|Memory Pools:Code Cache|Current Usage (MB)"	time-rollup-type="CURRENT"	hole-fill-type="REGULAR_COUNTER"/>
<metric	cluster-rollup-type="INDIVIDUAL"	name="JVM|Garbage Collection|Memory Pools:Code Cache|Max Available (MB)"	time-rollup-type="CURRENT"	hole-fill-type="REGULAR_COUNTER"/>
<metric	cluster-rollup-type="INDIVIDUAL"	name="JVM|Garbage Collection|Memory Pools:PS Eden Space|Max Available (MB)"	time-rollup-type="CURRENT"	hole-fill-type="REGULAR_COUNTER"/>
<metric	cluster-rollup-type="INDIVIDUAL"	name="JVM|Garbage Collection|Memory Pools:Compressed Class Space|Current Usage (MB)"	time-rollup-type="CURRENT"	hole-fill-type="REGULAR_COUNTER"/>
<metric	cluster-rollup-type="INDIVIDUAL"	name="JVM|Garbage Collection|Memory Pools:PS Old Gen|Max Available (MB)"	time-rollup-type="CURRENT"	hole-fill-type="REGULAR_COUNTER"/>
<metric	cluster-rollup-type="INDIVIDUAL"	name="JVM|Garbage Collection|Memory Pools:PS Old Gen|Current Usage (MB)"	time-rollup-type="CURRENT"	hole-fill-type="REGULAR_COUNTER"/>
<account-key>****</account-key>
</request>

[AD Thread-Metric Reporter0] 28 Apr 2019 07:12:04,629  INFO MetricSender - REST Response Received - URL [/controller/instance/1045584/metricregistration]
<request>
<metric	name="BTM|BTs|BT:154927|Component:63100|Stall Count"	id="11706063"/>
<metric	name="BTM|BTs|BT:154927|Component:63100|Calls per Minute"	id="11706059"/>
<metric	name="BTM|Application Diagnostic Data|SEP:209844|Errors per Minute"	id="11706069"/>
<metric	name="BTM|Application Summary|Component:63100|Number of Slow Calls"	id="11706074"/>
<metric	name="BTM|Application Summary|Component:63100|Average Response Time (ms)"	id="11706070"/>
<metric	name="JVM|Garbage Collection|Memory Pools:PS Eden Space|Committed (MB)"	id="11706086"/>
<metric	name="JVM|Garbage Collection|Memory Pools:Metaspace|Current Usage (MB)"	id="11706085"/>
<metric	name="BTM|BTs|BT:154927|Component:63100|Average Response Time (ms)"	id="11706058"/>
<metric	name="JVM|Garbage Collection|Memory Pools:PS Survivor Space|Committed (MB)"	id="11706092"/>
<metric	name="BTM|Application Diagnostic Data|SEP:209844|Calls per Minute"	id="11706068"/>
<metric	name="BTM|BTs|BT:154927|Component:63100|Errors per Minute"	id="11706060"/>
<metric	name="BTM|Application Summary|Component:63100|Infrastructure Errors per Minute"	id="11706073"/>
<metric	name="BTM|Application Diagnostic Data|SEP:209844|Average Response Time (ms)"	id="11706067"/>
<metric	name="JVM|Garbage Collection|Memory Pools:PS Old Gen|Max Available (MB)"	id="11706091"/>
<metric	name="BTM|BTs|BT:154927|Component:63100|Number of Slow Calls"	id="11706061"/>
<metric	name="BTM|BTs|BT:154927|Component:63100|Number of Very Slow Calls"	id="11706062"/>
<metric	name="BTM|BTs|BT:154927|Component:63100|Normal Average Response Time (ms)"	id="11706077"/>
<metric	name="JVM|Garbage Collection|Memory Pools:Metaspace|Committed (MB)"	id="11706084"/>
<metric	name="JVM|Garbage Collection|Memory Pools:Compressed Class Space|Committed (MB)"	id="11706081"/>
<metric	name="BTM|Application Summary|Component:63100|Calls per Minute"	id="11706071"/>
<metric	name="JVM|Garbage Collection|Memory Pools:PS Old Gen|Current Usage (MB)"	id="11706090"/>
<metric	name="JVM|Garbage Collection|Memory Pools:PS Old Gen|Committed (MB)"	id="11706089"/>
<metric	name="BTM|Application Summary|Component:63100|Number of Very Slow Calls"	id="11706075"/>
<metric	name="JVM|Garbage Collection|Memory Pools:PS Eden Space|Current Usage (MB)"	id="11706087"/>
<metric	name="JVM|Garbage Collection|Memory Pools:Code Cache|Max Available (MB)"	id="11706080"/>
<metric	name="BTM|Application Summary|Component:63100|Stall Count"	id="11706076"/>
<metric	name="JVM|Garbage Collection|Memory Pools:PS Survivor Space|Current Usage (MB)"	id="11706093"/>
<metric	name="JVM|Garbage Collection|Memory Pools:Code Cache|Current Usage (MB)"	id="11706079"/>
<metric	name="JVM|Garbage Collection|Memory Pools:Code Cache|Committed (MB)"	id="11706078"/>
<metric	name="JVM|Garbage Collection|Memory Pools:PS Eden Space|Max Available (MB)"	id="11706088"/>
<metric	name="JVM|Garbage Collection|Memory Pools:Compressed Class Space|Max Available (MB)"	id="11706083"/>
<metric	name="JVM|Garbage Collection|Memory Pools:Compressed Class Space|Current Usage (MB)"	id="11706082"/>
<metric	name="BTM|Application Summary|Component:63100|Errors per Minute"	id="11706072"/>
<metric	name="JVM|Garbage Collection|Memory Pools:PS Survivor Space|Max Available (MB)"	id="11706094"/>
</request>

[AD Thread-Metric Reporter1] 28 Apr 2019 07:13:04,324  INFO MetricSender - Sending REST request - URL [/controller/instance/1045584/metricregistration]
<request>
<node-id>130170</node-id>
<agent-type>APP_AGENT</agent-type>
<metric	cluster-rollup-type="INDIVIDUAL"	name="BTM|BTs|BT:154927|Component:63100|95th Percentile Response Time (ms)"	time-rollup-type="AVERAGE"	hole-fill-type="REGULAR_COUNTER"/>
<account-key>****</account-key>
</request>

[AD Thread-Metric Reporter1] 28 Apr 2019 07:13:04,569  INFO MetricSender - REST Response Received - URL [/controller/instance/1045584/metricregistration]
<request>
<metric	name="BTM|BTs|BT:154927|Component:63100|95th Percentile Response Time (ms)"	id="11706098"/>
</request>

[AD Thread-Metric Reporter0] 28 Apr 2019 07:14:04,321  INFO MetricSender - Sending REST request - URL [/controller/instance/1045584/metricregistration]
<request>
<node-id>130170</node-id>
<agent-type>APP_AGENT</agent-type>
<metric	cluster-rollup-type="INDIVIDUAL"	name="BTM|BTs|BT:154927|Component:63100|Average Request Size"	time-rollup-type="AVERAGE"	hole-fill-type="REGULAR_COUNTER"/>
<account-key>****</account-key>
</request>

[AD Thread-Metric Reporter0] 28 Apr 2019 07:14:04,629  INFO MetricSender - REST Response Received - URL [/controller/instance/1045584/metricregistration]
<request>
<metric	name="BTM|BTs|BT:154927|Component:63100|Average Request Size"	id="11706114"/>
</request>

