[AD Thread Pool-Global0] 28 Apr 2019 07:10:15,801  INFO - Starting BT Logs at Sun Apr 28 07:10:15 UTC 2019
[AD Thread Pool-Global0] 28 Apr 2019 07:10:15,807  INFO - ###########################################################
[AD Thread Pool-Global0] 28 Apr 2019 07:10:15,807  INFO - Using Java Agent Version [Server Agent #4.5.9.25648 v4.5.9 GA compatible with 4.4.1.0 r24edb4ba5d4cc80793b2d5806ddf9cf8044e87b0 pull-requests/2158]
[AD Thread Pool-Global0] 28 Apr 2019 07:10:15,808  INFO - Running IBM Java Agent [No]
[http-nio-8080-exec-3] 28 Apr 2019 07:11:09,055  INFO - BT [1] Name [/] Type [SERVLET] Custom [false]
[http-nio-8080-exec-3] 28 Apr 2019 07:11:09,057  INFO - Discovery Stack 
Thread Name:http-nio-8080-exec-3
ID:33
Time:Sun Apr 28 07:11:09 UTC 2019
State:RUNNABLE
Priority:5

org.springframework.web.servlet.DispatcherServlet.doService(DispatcherServlet.java)
org.springframework.web.servlet.FrameworkServlet.processRequest(FrameworkServlet.java:1005)
org.springframework.web.servlet.FrameworkServlet.doGet(FrameworkServlet.java:897)
javax.servlet.http.HttpServlet.service(HttpServlet.java:634)
org.springframework.web.servlet.FrameworkServlet.service(FrameworkServlet.java:882)
javax.servlet.http.HttpServlet.service(HttpServlet.java:741)
org.apache.catalina.core.ApplicationFilterChain.internalDoFilter(ApplicationFilterChain.java:231)
org.apache.catalina.core.ApplicationFilterChain.doFilter(ApplicationFilterChain.java:166)
org.apache.tomcat.websocket.server.WsFilter.doFilter(WsFilter.java:53)
org.apache.catalina.core.ApplicationFilterChain.internalDoFilter(ApplicationFilterChain.java:193)
org.apache.catalina.core.ApplicationFilterChain.doFilter(ApplicationFilterChain.java:166)
org.springframework.web.filter.RequestContextFilter.doFilterInternal(RequestContextFilter.java:99)
org.springframework.web.filter.OncePerRequestFilter.doFilter(OncePerRequestFilter.java:107)
org.apache.catalina.core.ApplicationFilterChain.internalDoFilter(ApplicationFilterChain.java:193)
org.apache.catalina.core.ApplicationFilterChain.doFilter(ApplicationFilterChain.java:166)
org.springframework.web.filter.FormContentFilter.doFilterInternal(FormContentFilter.java:92)
org.springframework.web.filter.OncePerRequestFilter.doFilter(OncePerRequestFilter.java:107)
org.apache.catalina.core.ApplicationFilterChain.internalDoFilter(ApplicationFilterChain.java:193)
org.apache.catalina.core.ApplicationFilterChain.doFilter(ApplicationFilterChain.java:166)
org.springframework.web.filter.HiddenHttpMethodFilter.doFilterInternal(HiddenHttpMethodFilter.java:93)
org.springframework.web.filter.OncePerRequestFilter.doFilter(OncePerRequestFilter.java:107)
org.apache.catalina.core.ApplicationFilterChain.internalDoFilter(ApplicationFilterChain.java:193)
org.apache.catalina.core.ApplicationFilterChain.doFilter(ApplicationFilterChain.java:166)
org.springframework.web.filter.CharacterEncodingFilter.doFilterInternal(CharacterEncodingFilter.java:200)
org.springframework.web.filter.OncePerRequestFilter.doFilter(OncePerRequestFilter.java:107)
org.apache.catalina.core.ApplicationFilterChain.internalDoFilter(ApplicationFilterChain.java:193)
org.apache.catalina.core.ApplicationFilterChain.doFilter(ApplicationFilterChain.java:166)
org.apache.catalina.core.StandardWrapperValve.invoke(StandardWrapperValve.java:200)
org.apache.catalina.core.StandardContextValve.invoke(StandardContextValve.java:96)
org.apache.catalina.authenticator.AuthenticatorBase.invoke(AuthenticatorBase.java:490)
org.apache.catalina.core.StandardHostValve.invoke(StandardHostValve.java:139)
org.apache.catalina.valves.ErrorReportValve.invoke(ErrorReportValve.java:92)
org.apache.catalina.core.StandardEngineValve.invoke(StandardEngineValve.java:74)
org.apache.catalina.connector.CoyoteAdapter.service(CoyoteAdapter.java:343)
org.apache.coyote.http11.Http11Processor.service(Http11Processor.java:408)
org.apache.coyote.AbstractProcessorLight.process(AbstractProcessorLight.java:66)
org.apache.coyote.AbstractProtocol$ConnectionHandler.process(AbstractProtocol.java:834)
org.apache.tomcat.util.net.NioEndpoint$SocketProcessor.doRun(NioEndpoint.java:1415)
org.apache.tomcat.util.net.SocketProcessorBase.run(SocketProcessorBase.java:49)
java.util.concurrent.ThreadPoolExecutor.runWorker(ThreadPoolExecutor.java:1149)
java.util.concurrent.ThreadPoolExecutor$Worker.run(ThreadPoolExecutor.java:624)
org.apache.tomcat.util.threads.TaskThread$WrappingRunnable.run(TaskThread.java:61)
java.lang.Thread.run(Thread.java:748)


